The system is: Linux - 3.10.0-1160.11.1.el7.x86_64 - x86_64
Compiling the C compiler identification source file "CMakeCCompilerId.c" succeeded.
Compiler: /apps/skylake/software/core/gcccore/7.3.0/bin/cc 
Build flags: 
Id flags:  

The output was:
0


Compilation of the C compiler identification source "CMakeCCompilerId.c" produced "a.out"

The C compiler identification is GNU, found in "/fred/oz025/yqin/bitbucket/meraxes/src/CMakeFiles/3.13.3/CompilerIdC/a.out"

Compiling the CXX compiler identification source file "CMakeCXXCompilerId.cpp" succeeded.
Compiler: /apps/skylake/software/core/gcccore/7.3.0/bin/c++ 
Build flags: 
Id flags:  

The output was:
0


Compilation of the CXX compiler identification source "CMakeCXXCompilerId.cpp" produced "a.out"

The CXX compiler identification is GNU, found in "/fred/oz025/yqin/bitbucket/meraxes/src/CMakeFiles/3.13.3/CompilerIdCXX/a.out"

Determining if the C compiler works passed with the following output:
Change Dir: /fred/oz025/yqin/bitbucket/meraxes/src/CMakeFiles/CMakeTmp

Run Build Command:"/usr/bin/gmake" "cmTC_af1c9/fast"
/usr/bin/gmake -f CMakeFiles/cmTC_af1c9.dir/build.make CMakeFiles/cmTC_af1c9.dir/build
gmake[1]: Entering directory `/fred/oz025/yqin/bitbucket/meraxes/src/CMakeFiles/CMakeTmp'
Building C object CMakeFiles/cmTC_af1c9.dir/testCCompiler.c.o
/apps/skylake/software/core/gcccore/7.3.0/bin/cc    -o CMakeFiles/cmTC_af1c9.dir/testCCompiler.c.o   -c /fred/oz025/yqin/bitbucket/meraxes/src/CMakeFiles/CMakeTmp/testCCompiler.c
Linking C executable cmTC_af1c9
/fred/oz113/yqin/3rd_party/lib/python3.6/site-packages/cmake/data/bin/cmake -E cmake_link_script CMakeFiles/cmTC_af1c9.dir/link.txt --verbose=1
/apps/skylake/software/core/gcccore/7.3.0/bin/cc      CMakeFiles/cmTC_af1c9.dir/testCCompiler.c.o  -o cmTC_af1c9 
gmake[1]: Leaving directory `/fred/oz025/yqin/bitbucket/meraxes/src/CMakeFiles/CMakeTmp'


Detecting C compiler ABI info compiled with the following output:
Change Dir: /fred/oz025/yqin/bitbucket/meraxes/src/CMakeFiles/CMakeTmp

Run Build Command:"/usr/bin/gmake" "cmTC_2bca6/fast"
/usr/bin/gmake -f CMakeFiles/cmTC_2bca6.dir/build.make CMakeFiles/cmTC_2bca6.dir/build
gmake[1]: Entering directory `/fred/oz025/yqin/bitbucket/meraxes/src/CMakeFiles/CMakeTmp'
Building C object CMakeFiles/cmTC_2bca6.dir/CMakeCCompilerABI.c.o
/apps/skylake/software/core/gcccore/7.3.0/bin/cc    -o CMakeFiles/cmTC_2bca6.dir/CMakeCCompilerABI.c.o   -c /fred/oz113/yqin/3rd_party/lib/python3.6/site-packages/cmake/data/share/cmake-3.13/Modules/CMakeCCompilerABI.c
Linking C executable cmTC_2bca6
/fred/oz113/yqin/3rd_party/lib/python3.6/site-packages/cmake/data/bin/cmake -E cmake_link_script CMakeFiles/cmTC_2bca6.dir/link.txt --verbose=1
/apps/skylake/software/core/gcccore/7.3.0/bin/cc     -v CMakeFiles/cmTC_2bca6.dir/CMakeCCompilerABI.c.o  -o cmTC_2bca6 
Using built-in specs.
COLLECT_GCC=/apps/skylake/software/core/gcccore/7.3.0/bin/cc
COLLECT_LTO_WRAPPER=/apps/skylake/software/core/gcccore/7.3.0/libexec/gcc/x86_64-pc-linux-gnu/7.3.0/lto-wrapper
Target: x86_64-pc-linux-gnu
Configured with: ../configure --enable-languages=c,c++,fortran --enable-lto --enable-checking=release --disable-multilib --enable-shared=yes --enable-static=yes --enable-threads=posix --enable-gold=default --enable-plugins --enable-ld --with-plugin-ld=ld.gold --prefix=/apps/skylake/software/core/gcccore/7.3.0 --with-local-prefix=/apps/skylake/software/core/gcccore/7.3.0 --enable-bootstrap --with-isl=/dev/shm/easybuild/GCCcore/7.3.0/dummy-/gcc-7.3.0/stage2_stuff
Thread model: posix
gcc version 7.3.0 (GCC) 
COMPILER_PATH=/apps/skylake/software/core/gcccore/7.3.0/libexec/gcc/x86_64-pc-linux-gnu/7.3.0/:/apps/skylake/software/core/gcccore/7.3.0/libexec/gcc/x86_64-pc-linux-gnu/7.3.0/:/apps/skylake/software/core/gcccore/7.3.0/libexec/gcc/x86_64-pc-linux-gnu/:/apps/skylake/software/core/gcccore/7.3.0/lib/gcc/x86_64-pc-linux-gnu/7.3.0/:/apps/skylake/software/core/gcccore/7.3.0/lib/gcc/x86_64-pc-linux-gnu/
LIBRARY_PATH=/apps/skylake/software/core/git/2.16.0/lib64/../lib64/:/apps/skylake/software/core/gcccore/7.3.0/lib64/../lib64/:/apps/skylake/software/core/gcccore/7.3.0/lib/../lib64/:/opt/nvidia/latest/usr/lib64/../lib64/:/apps/skylake/software/core/gcccore/7.3.0/lib/gcc/x86_64-pc-linux-gnu/7.3.0/:/apps/skylake/software/core/gcccore/7.3.0/lib/gcc/x86_64-pc-linux-gnu/7.3.0/../../../../lib64/:/lib/../lib64/:/usr/lib/../lib64/:/apps/skylake/software/mpi/gcc/7.3.0/openmpi/3.0.0/mpi4py/3.0.0-python-3.6.4/lib/:/apps/skylake/software/mpi/gcc/7.3.0/openmpi/3.0.0/hdf5/1.10.1/lib/:/apps/skylake/software/SQLite/3.21.0-gnu-2018.1/lib/:/apps/skylake/software/mpi/gcc/7.3.0/openmpi/3.0.0/scalapack/2.0.2-openblas-0.2.20/lib/:/apps/skylake/software/mpi/gcc/7.3.0/openmpi/3.0.0/fftw/3.3.7/lib/:/apps/skylake/software/OpenMPI/3.0.0-GCC-7.3.0/lib/:/apps/skylake/software/compiler/gcc/7.3.0/gsl/2.4/lib/:/apps/skylake/software/compiler/gcc/7.3.0/python/3.6.4/lib/:/apps/skylake/software/compiler/gcc/7.3.0/openblas/0.2.20/lib/:/apps/skylake/software/core/git/2.16.0/lib64/:/apps/skylake/software/core/szip/2.1.1/lib/:/apps/skylake/software/core/binutils/2.30/lib/:/apps/skylake/software/core/gcccore/7.3.0/lib64/:/apps/skylake/software/core/gcccore/7.3.0/lib/:/apps/slurm/latest/lib/:/opt/nvidia/latest/usr/lib64/:/apps/skylake/software/core/gcccore/7.3.0/lib/gcc/x86_64-pc-linux-gnu/7.3.0/../../../:/lib/:/usr/lib/
COLLECT_GCC_OPTIONS='-v' '-o' 'cmTC_2bca6' '-mtune=generic' '-march=x86-64'
 /apps/skylake/software/core/gcccore/7.3.0/libexec/gcc/x86_64-pc-linux-gnu/7.3.0/collect2 -plugin /apps/skylake/software/core/gcccore/7.3.0/libexec/gcc/x86_64-pc-linux-gnu/7.3.0/liblto_plugin.so -plugin-opt=/apps/skylake/software/core/gcccore/7.3.0/libexec/gcc/x86_64-pc-linux-gnu/7.3.0/lto-wrapper -plugin-opt=-fresolution=/tmp/cc9SpUp7.res -plugin-opt=-pass-through=-lgcc -plugin-opt=-pass-through=-lgcc_s -plugin-opt=-pass-through=-lc -plugin-opt=-pass-through=-lgcc -plugin-opt=-pass-through=-lgcc_s --eh-frame-hdr -m elf_x86_64 -dynamic-linker /lib64/ld-linux-x86-64.so.2 -o cmTC_2bca6 /lib/../lib64/crt1.o /lib/../lib64/crti.o /apps/skylake/software/core/gcccore/7.3.0/lib/gcc/x86_64-pc-linux-gnu/7.3.0/crtbegin.o -L/apps/skylake/software/core/git/2.16.0/lib64/../lib64 -L/apps/skylake/software/core/gcccore/7.3.0/lib64/../lib64 -L/apps/skylake/software/core/gcccore/7.3.0/lib/../lib64 -L/opt/nvidia/latest/usr/lib64/../lib64 -L/apps/skylake/software/core/gcccore/7.3.0/lib/gcc/x86_64-pc-linux-gnu/7.3.0 -L/apps/skylake/software/core/gcccore/7.3.0/lib/gcc/x86_64-pc-linux-gnu/7.3.0/../../../../lib64 -L/lib/../lib64 -L/usr/lib/../lib64 -L/apps/skylake/software/mpi/gcc/7.3.0/openmpi/3.0.0/mpi4py/3.0.0-python-3.6.4/lib -L/apps/skylake/software/mpi/gcc/7.3.0/openmpi/3.0.0/hdf5/1.10.1/lib -L/apps/skylake/software/SQLite/3.21.0-gnu-2018.1/lib -L/apps/skylake/software/mpi/gcc/7.3.0/openmpi/3.0.0/scalapack/2.0.2-openblas-0.2.20/lib -L/apps/skylake/software/mpi/gcc/7.3.0/openmpi/3.0.0/fftw/3.3.7/lib -L/apps/skylake/software/OpenMPI/3.0.0-GCC-7.3.0/lib -L/apps/skylake/software/compiler/gcc/7.3.0/gsl/2.4/lib -L/apps/skylake/software/compiler/gcc/7.3.0/python/3.6.4/lib -L/apps/skylake/software/compiler/gcc/7.3.0/openblas/0.2.20/lib -L/apps/skylake/software/core/git/2.16.0/lib64 -L/apps/skylake/software/core/szip/2.1.1/lib -L/apps/skylake/software/core/binutils/2.30/lib -L/apps/skylake/software/core/gcccore/7.3.0/lib64 -L/apps/skylake/software/core/gcccore/7.3.0/lib -L/apps/slurm/latest/lib -L/opt/nvidia/latest/usr/lib64 -L/apps/skylake/software/core/gcccore/7.3.0/lib/gcc/x86_64-pc-linux-gnu/7.3.0/../../.. CMakeFiles/cmTC_2bca6.dir/CMakeCCompilerABI.c.o -lgcc --as-needed -lgcc_s --no-as-needed -lc -lgcc --as-needed -lgcc_s --no-as-needed /apps/skylake/software/core/gcccore/7.3.0/lib/gcc/x86_64-pc-linux-gnu/7.3.0/crtend.o /lib/../lib64/crtn.o
COLLECT_GCC_OPTIONS='-v' '-o' 'cmTC_2bca6' '-mtune=generic' '-march=x86-64'
gmake[1]: Leaving directory `/fred/oz025/yqin/bitbucket/meraxes/src/CMakeFiles/CMakeTmp'


Parsed C implicit link information from above output:
  link line regex: [^( *|.*[/\])(ld|CMAKE_LINK_STARTFILE-NOTFOUND|([^/\]+-)?ld|collect2)[^/\]*( |$)]
  ignore line: [Change Dir: /fred/oz025/yqin/bitbucket/meraxes/src/CMakeFiles/CMakeTmp]
  ignore line: []
  ignore line: [Run Build Command:"/usr/bin/gmake" "cmTC_2bca6/fast"]
  ignore line: [/usr/bin/gmake -f CMakeFiles/cmTC_2bca6.dir/build.make CMakeFiles/cmTC_2bca6.dir/build]
  ignore line: [gmake[1]: Entering directory `/fred/oz025/yqin/bitbucket/meraxes/src/CMakeFiles/CMakeTmp']
  ignore line: [Building C object CMakeFiles/cmTC_2bca6.dir/CMakeCCompilerABI.c.o]
  ignore line: [/apps/skylake/software/core/gcccore/7.3.0/bin/cc    -o CMakeFiles/cmTC_2bca6.dir/CMakeCCompilerABI.c.o   -c /fred/oz113/yqin/3rd_party/lib/python3.6/site-packages/cmake/data/share/cmake-3.13/Modules/CMakeCCompilerABI.c]
  ignore line: [Linking C executable cmTC_2bca6]
  ignore line: [/fred/oz113/yqin/3rd_party/lib/python3.6/site-packages/cmake/data/bin/cmake -E cmake_link_script CMakeFiles/cmTC_2bca6.dir/link.txt --verbose=1]
  ignore line: [/apps/skylake/software/core/gcccore/7.3.0/bin/cc     -v CMakeFiles/cmTC_2bca6.dir/CMakeCCompilerABI.c.o  -o cmTC_2bca6 ]
  ignore line: [Using built-in specs.]
  ignore line: [COLLECT_GCC=/apps/skylake/software/core/gcccore/7.3.0/bin/cc]
  ignore line: [COLLECT_LTO_WRAPPER=/apps/skylake/software/core/gcccore/7.3.0/libexec/gcc/x86_64-pc-linux-gnu/7.3.0/lto-wrapper]
  ignore line: [Target: x86_64-pc-linux-gnu]
  ignore line: [Configured with: ../configure --enable-languages=c,c++,fortran --enable-lto --enable-checking=release --disable-multilib --enable-shared=yes --enable-static=yes --enable-threads=posix --enable-gold=default --enable-plugins --enable-ld --with-plugin-ld=ld.gold --prefix=/apps/skylake/software/core/gcccore/7.3.0 --with-local-prefix=/apps/skylake/software/core/gcccore/7.3.0 --enable-bootstrap --with-isl=/dev/shm/easybuild/GCCcore/7.3.0/dummy-/gcc-7.3.0/stage2_stuff]
  ignore line: [Thread model: posix]
  ignore line: [gcc version 7.3.0 (GCC) ]
  ignore line: [COMPILER_PATH=/apps/skylake/software/core/gcccore/7.3.0/libexec/gcc/x86_64-pc-linux-gnu/7.3.0/:/apps/skylake/software/core/gcccore/7.3.0/libexec/gcc/x86_64-pc-linux-gnu/7.3.0/:/apps/skylake/software/core/gcccore/7.3.0/libexec/gcc/x86_64-pc-linux-gnu/:/apps/skylake/software/core/gcccore/7.3.0/lib/gcc/x86_64-pc-linux-gnu/7.3.0/:/apps/skylake/software/core/gcccore/7.3.0/lib/gcc/x86_64-pc-linux-gnu/]
  ignore line: [LIBRARY_PATH=/apps/skylake/software/core/git/2.16.0/lib64/../lib64/:/apps/skylake/software/core/gcccore/7.3.0/lib64/../lib64/:/apps/skylake/software/core/gcccore/7.3.0/lib/../lib64/:/opt/nvidia/latest/usr/lib64/../lib64/:/apps/skylake/software/core/gcccore/7.3.0/lib/gcc/x86_64-pc-linux-gnu/7.3.0/:/apps/skylake/software/core/gcccore/7.3.0/lib/gcc/x86_64-pc-linux-gnu/7.3.0/../../../../lib64/:/lib/../lib64/:/usr/lib/../lib64/:/apps/skylake/software/mpi/gcc/7.3.0/openmpi/3.0.0/mpi4py/3.0.0-python-3.6.4/lib/:/apps/skylake/software/mpi/gcc/7.3.0/openmpi/3.0.0/hdf5/1.10.1/lib/:/apps/skylake/software/SQLite/3.21.0-gnu-2018.1/lib/:/apps/skylake/software/mpi/gcc/7.3.0/openmpi/3.0.0/scalapack/2.0.2-openblas-0.2.20/lib/:/apps/skylake/software/mpi/gcc/7.3.0/openmpi/3.0.0/fftw/3.3.7/lib/:/apps/skylake/software/OpenMPI/3.0.0-GCC-7.3.0/lib/:/apps/skylake/software/compiler/gcc/7.3.0/gsl/2.4/lib/:/apps/skylake/software/compiler/gcc/7.3.0/python/3.6.4/lib/:/apps/skylake/software/compiler/gcc/7.3.0/openblas/0.2.20/lib/:/apps/skylake/software/core/git/2.16.0/lib64/:/apps/skylake/software/core/szip/2.1.1/lib/:/apps/skylake/software/core/binutils/2.30/lib/:/apps/skylake/software/core/gcccore/7.3.0/lib64/:/apps/skylake/software/core/gcccore/7.3.0/lib/:/apps/slurm/latest/lib/:/opt/nvidia/latest/usr/lib64/:/apps/skylake/software/core/gcccore/7.3.0/lib/gcc/x86_64-pc-linux-gnu/7.3.0/../../../:/lib/:/usr/lib/]
  ignore line: [COLLECT_GCC_OPTIONS='-v' '-o' 'cmTC_2bca6' '-mtune=generic' '-march=x86-64']
  link line: [ /apps/skylake/software/core/gcccore/7.3.0/libexec/gcc/x86_64-pc-linux-gnu/7.3.0/collect2 -plugin /apps/skylake/software/core/gcccore/7.3.0/libexec/gcc/x86_64-pc-linux-gnu/7.3.0/liblto_plugin.so -plugin-opt=/apps/skylake/software/core/gcccore/7.3.0/libexec/gcc/x86_64-pc-linux-gnu/7.3.0/lto-wrapper -plugin-opt=-fresolution=/tmp/cc9SpUp7.res -plugin-opt=-pass-through=-lgcc -plugin-opt=-pass-through=-lgcc_s -plugin-opt=-pass-through=-lc -plugin-opt=-pass-through=-lgcc -plugin-opt=-pass-through=-lgcc_s --eh-frame-hdr -m elf_x86_64 -dynamic-linker /lib64/ld-linux-x86-64.so.2 -o cmTC_2bca6 /lib/../lib64/crt1.o /lib/../lib64/crti.o /apps/skylake/software/core/gcccore/7.3.0/lib/gcc/x86_64-pc-linux-gnu/7.3.0/crtbegin.o -L/apps/skylake/software/core/git/2.16.0/lib64/../lib64 -L/apps/skylake/software/core/gcccore/7.3.0/lib64/../lib64 -L/apps/skylake/software/core/gcccore/7.3.0/lib/../lib64 -L/opt/nvidia/latest/usr/lib64/../lib64 -L/apps/skylake/software/core/gcccore/7.3.0/lib/gcc/x86_64-pc-linux-gnu/7.3.0 -L/apps/skylake/software/core/gcccore/7.3.0/lib/gcc/x86_64-pc-linux-gnu/7.3.0/../../../../lib64 -L/lib/../lib64 -L/usr/lib/../lib64 -L/apps/skylake/software/mpi/gcc/7.3.0/openmpi/3.0.0/mpi4py/3.0.0-python-3.6.4/lib -L/apps/skylake/software/mpi/gcc/7.3.0/openmpi/3.0.0/hdf5/1.10.1/lib -L/apps/skylake/software/SQLite/3.21.0-gnu-2018.1/lib -L/apps/skylake/software/mpi/gcc/7.3.0/openmpi/3.0.0/scalapack/2.0.2-openblas-0.2.20/lib -L/apps/skylake/software/mpi/gcc/7.3.0/openmpi/3.0.0/fftw/3.3.7/lib -L/apps/skylake/software/OpenMPI/3.0.0-GCC-7.3.0/lib -L/apps/skylake/software/compiler/gcc/7.3.0/gsl/2.4/lib -L/apps/skylake/software/compiler/gcc/7.3.0/python/3.6.4/lib -L/apps/skylake/software/compiler/gcc/7.3.0/openblas/0.2.20/lib -L/apps/skylake/software/core/git/2.16.0/lib64 -L/apps/skylake/software/core/szip/2.1.1/lib -L/apps/skylake/software/core/binutils/2.30/lib -L/apps/skylake/software/core/gcccore/7.3.0/lib64 -L/apps/skylake/software/core/gcccore/7.3.0/lib -L/apps/slurm/latest/lib -L/opt/nvidia/latest/usr/lib64 -L/apps/skylake/software/core/gcccore/7.3.0/lib/gcc/x86_64-pc-linux-gnu/7.3.0/../../.. CMakeFiles/cmTC_2bca6.dir/CMakeCCompilerABI.c.o -lgcc --as-needed -lgcc_s --no-as-needed -lc -lgcc --as-needed -lgcc_s --no-as-needed /apps/skylake/software/core/gcccore/7.3.0/lib/gcc/x86_64-pc-linux-gnu/7.3.0/crtend.o /lib/../lib64/crtn.o]
    arg [/apps/skylake/software/core/gcccore/7.3.0/libexec/gcc/x86_64-pc-linux-gnu/7.3.0/collect2] ==> ignore
    arg [-plugin] ==> ignore
    arg [/apps/skylake/software/core/gcccore/7.3.0/libexec/gcc/x86_64-pc-linux-gnu/7.3.0/liblto_plugin.so] ==> ignore
    arg [-plugin-opt=/apps/skylake/software/core/gcccore/7.3.0/libexec/gcc/x86_64-pc-linux-gnu/7.3.0/lto-wrapper] ==> ignore
    arg [-plugin-opt=-fresolution=/tmp/cc9SpUp7.res] ==> ignore
    arg [-plugin-opt=-pass-through=-lgcc] ==> ignore
    arg [-plugin-opt=-pass-through=-lgcc_s] ==> ignore
    arg [-plugin-opt=-pass-through=-lc] ==> ignore
    arg [-plugin-opt=-pass-through=-lgcc] ==> ignore
    arg [-plugin-opt=-pass-through=-lgcc_s] ==> ignore
    arg [--eh-frame-hdr] ==> ignore
    arg [-m] ==> ignore
    arg [elf_x86_64] ==> ignore
    arg [-dynamic-linker] ==> ignore
    arg [/lib64/ld-linux-x86-64.so.2] ==> ignore
    arg [-o] ==> ignore
    arg [cmTC_2bca6] ==> ignore
    arg [/lib/../lib64/crt1.o] ==> ignore
    arg [/lib/../lib64/crti.o] ==> ignore
    arg [/apps/skylake/software/core/gcccore/7.3.0/lib/gcc/x86_64-pc-linux-gnu/7.3.0/crtbegin.o] ==> ignore
    arg [-L/apps/skylake/software/core/git/2.16.0/lib64/../lib64] ==> dir [/apps/skylake/software/core/git/2.16.0/lib64/../lib64]
    arg [-L/apps/skylake/software/core/gcccore/7.3.0/lib64/../lib64] ==> dir [/apps/skylake/software/core/gcccore/7.3.0/lib64/../lib64]
    arg [-L/apps/skylake/software/core/gcccore/7.3.0/lib/../lib64] ==> dir [/apps/skylake/software/core/gcccore/7.3.0/lib/../lib64]
    arg [-L/opt/nvidia/latest/usr/lib64/../lib64] ==> dir [/opt/nvidia/latest/usr/lib64/../lib64]
    arg [-L/apps/skylake/software/core/gcccore/7.3.0/lib/gcc/x86_64-pc-linux-gnu/7.3.0] ==> dir [/apps/skylake/software/core/gcccore/7.3.0/lib/gcc/x86_64-pc-linux-gnu/7.3.0]
    arg [-L/apps/skylake/software/core/gcccore/7.3.0/lib/gcc/x86_64-pc-linux-gnu/7.3.0/../../../../lib64] ==> dir [/apps/skylake/software/core/gcccore/7.3.0/lib/gcc/x86_64-pc-linux-gnu/7.3.0/../../../../lib64]
    arg [-L/lib/../lib64] ==> dir [/lib/../lib64]
    arg [-L/usr/lib/../lib64] ==> dir [/usr/lib/../lib64]
    arg [-L/apps/skylake/software/mpi/gcc/7.3.0/openmpi/3.0.0/mpi4py/3.0.0-python-3.6.4/lib] ==> dir [/apps/skylake/software/mpi/gcc/7.3.0/openmpi/3.0.0/mpi4py/3.0.0-python-3.6.4/lib]
    arg [-L/apps/skylake/software/mpi/gcc/7.3.0/openmpi/3.0.0/hdf5/1.10.1/lib] ==> dir [/apps/skylake/software/mpi/gcc/7.3.0/openmpi/3.0.0/hdf5/1.10.1/lib]
    arg [-L/apps/skylake/software/SQLite/3.21.0-gnu-2018.1/lib] ==> dir [/apps/skylake/software/SQLite/3.21.0-gnu-2018.1/lib]
    arg [-L/apps/skylake/software/mpi/gcc/7.3.0/openmpi/3.0.0/scalapack/2.0.2-openblas-0.2.20/lib] ==> dir [/apps/skylake/software/mpi/gcc/7.3.0/openmpi/3.0.0/scalapack/2.0.2-openblas-0.2.20/lib]
    arg [-L/apps/skylake/software/mpi/gcc/7.3.0/openmpi/3.0.0/fftw/3.3.7/lib] ==> dir [/apps/skylake/software/mpi/gcc/7.3.0/openmpi/3.0.0/fftw/3.3.7/lib]
    arg [-L/apps/skylake/software/OpenMPI/3.0.0-GCC-7.3.0/lib] ==> dir [/apps/skylake/software/OpenMPI/3.0.0-GCC-7.3.0/lib]
    arg [-L/apps/skylake/software/compiler/gcc/7.3.0/gsl/2.4/lib] ==> dir [/apps/skylake/software/compiler/gcc/7.3.0/gsl/2.4/lib]
    arg [-L/apps/skylake/software/compiler/gcc/7.3.0/python/3.6.4/lib] ==> dir [/apps/skylake/software/compiler/gcc/7.3.0/python/3.6.4/lib]
    arg [-L/apps/skylake/software/compiler/gcc/7.3.0/openblas/0.2.20/lib] ==> dir [/apps/skylake/software/compiler/gcc/7.3.0/openblas/0.2.20/lib]
    arg [-L/apps/skylake/software/core/git/2.16.0/lib64] ==> dir [/apps/skylake/software/core/git/2.16.0/lib64]
    arg [-L/apps/skylake/software/core/szip/2.1.1/lib] ==> dir [/apps/skylake/software/core/szip/2.1.1/lib]
    arg [-L/apps/skylake/software/core/binutils/2.30/lib] ==> dir [/apps/skylake/software/core/binutils/2.30/lib]
    arg [-L/apps/skylake/software/core/gcccore/7.3.0/lib64] ==> dir [/apps/skylake/software/core/gcccore/7.3.0/lib64]
    arg [-L/apps/skylake/software/core/gcccore/7.3.0/lib] ==> dir [/apps/skylake/software/core/gcccore/7.3.0/lib]
    arg [-L/apps/slurm/latest/lib] ==> dir [/apps/slurm/latest/lib]
    arg [-L/opt/nvidia/latest/usr/lib64] ==> dir [/opt/nvidia/latest/usr/lib64]
    arg [-L/apps/skylake/software/core/gcccore/7.3.0/lib/gcc/x86_64-pc-linux-gnu/7.3.0/../../..] ==> dir [/apps/skylake/software/core/gcccore/7.3.0/lib/gcc/x86_64-pc-linux-gnu/7.3.0/../../..]
    arg [CMakeFiles/cmTC_2bca6.dir/CMakeCCompilerABI.c.o] ==> ignore
    arg [-lgcc] ==> lib [gcc]
    arg [--as-needed] ==> ignore
    arg [-lgcc_s] ==> lib [gcc_s]
    arg [--no-as-needed] ==> ignore
    arg [-lc] ==> lib [c]
    arg [-lgcc] ==> lib [gcc]
    arg [--as-needed] ==> ignore
    arg [-lgcc_s] ==> lib [gcc_s]
    arg [--no-as-needed] ==> ignore
    arg [/apps/skylake/software/core/gcccore/7.3.0/lib/gcc/x86_64-pc-linux-gnu/7.3.0/crtend.o] ==> ignore
    arg [/lib/../lib64/crtn.o] ==> ignore
  collapse library dir [/apps/skylake/software/core/git/2.16.0/lib64/../lib64] ==> [/apps/skylake/software/core/git/2.16.0/lib64]
  collapse library dir [/apps/skylake/software/core/gcccore/7.3.0/lib64/../lib64] ==> [/apps/skylake/software/core/gcccore/7.3.0/lib64]
  collapse library dir [/apps/skylake/software/core/gcccore/7.3.0/lib/../lib64] ==> [/apps/skylake/software/core/gcccore/7.3.0/lib64]
  collapse library dir [/opt/nvidia/latest/usr/lib64/../lib64] ==> [/opt/nvidia/latest/usr/lib64]
  collapse library dir [/apps/skylake/software/core/gcccore/7.3.0/lib/gcc/x86_64-pc-linux-gnu/7.3.0] ==> [/apps/skylake/software/core/gcccore/7.3.0/lib/gcc/x86_64-pc-linux-gnu/7.3.0]
  collapse library dir [/apps/skylake/software/core/gcccore/7.3.0/lib/gcc/x86_64-pc-linux-gnu/7.3.0/../../../../lib64] ==> [/apps/skylake/software/core/gcccore/7.3.0/lib64]
  collapse library dir [/lib/../lib64] ==> [/lib64]
  collapse library dir [/usr/lib/../lib64] ==> [/usr/lib64]
  collapse library dir [/apps/skylake/software/mpi/gcc/7.3.0/openmpi/3.0.0/mpi4py/3.0.0-python-3.6.4/lib] ==> [/apps/skylake/software/mpi/gcc/7.3.0/openmpi/3.0.0/mpi4py/3.0.0-python-3.6.4/lib]
  collapse library dir [/apps/skylake/software/mpi/gcc/7.3.0/openmpi/3.0.0/hdf5/1.10.1/lib] ==> [/apps/skylake/software/mpi/gcc/7.3.0/openmpi/3.0.0/hdf5/1.10.1/lib]
  collapse library dir [/apps/skylake/software/SQLite/3.21.0-gnu-2018.1/lib] ==> [/apps/skylake/software/SQLite/3.21.0-gnu-2018.1/lib]
  collapse library dir [/apps/skylake/software/mpi/gcc/7.3.0/openmpi/3.0.0/scalapack/2.0.2-openblas-0.2.20/lib] ==> [/apps/skylake/software/mpi/gcc/7.3.0/openmpi/3.0.0/scalapack/2.0.2-openblas-0.2.20/lib]
  collapse library dir [/apps/skylake/software/mpi/gcc/7.3.0/openmpi/3.0.0/fftw/3.3.7/lib] ==> [/apps/skylake/software/mpi/gcc/7.3.0/openmpi/3.0.0/fftw/3.3.7/lib]
  collapse library dir [/apps/skylake/software/OpenMPI/3.0.0-GCC-7.3.0/lib] ==> [/apps/skylake/software/OpenMPI/3.0.0-GCC-7.3.0/lib]
  collapse library dir [/apps/skylake/software/compiler/gcc/7.3.0/gsl/2.4/lib] ==> [/apps/skylake/software/compiler/gcc/7.3.0/gsl/2.4/lib]
  collapse library dir [/apps/skylake/software/compiler/gcc/7.3.0/python/3.6.4/lib] ==> [/apps/skylake/software/compiler/gcc/7.3.0/python/3.6.4/lib]
  collapse library dir [/apps/skylake/software/compiler/gcc/7.3.0/openblas/0.2.20/lib] ==> [/apps/skylake/software/compiler/gcc/7.3.0/openblas/0.2.20/lib]
  collapse library dir [/apps/skylake/software/core/git/2.16.0/lib64] ==> [/apps/skylake/software/core/git/2.16.0/lib64]
  collapse library dir [/apps/skylake/software/core/szip/2.1.1/lib] ==> [/apps/skylake/software/core/szip/2.1.1/lib]
  collapse library dir [/apps/skylake/software/core/binutils/2.30/lib] ==> [/apps/skylake/software/core/binutils/2.30/lib]
  collapse library dir [/apps/skylake/software/core/gcccore/7.3.0/lib64] ==> [/apps/skylake/software/core/gcccore/7.3.0/lib64]
  collapse library dir [/apps/skylake/software/core/gcccore/7.3.0/lib] ==> [/apps/skylake/software/core/gcccore/7.3.0/lib]
  collapse library dir [/apps/slurm/latest/lib] ==> [/apps/slurm/latest/lib]
  collapse library dir [/opt/nvidia/latest/usr/lib64] ==> [/opt/nvidia/latest/usr/lib64]
  collapse library dir [/apps/skylake/software/core/gcccore/7.3.0/lib/gcc/x86_64-pc-linux-gnu/7.3.0/../../..] ==> [/apps/skylake/software/core/gcccore/7.3.0/lib]
  implicit libs: [gcc;gcc_s;c;gcc;gcc_s]
  implicit dirs: [/apps/skylake/software/core/git/2.16.0/lib64;/apps/skylake/software/core/gcccore/7.3.0/lib64;/opt/nvidia/latest/usr/lib64;/apps/skylake/software/core/gcccore/7.3.0/lib/gcc/x86_64-pc-linux-gnu/7.3.0;/lib64;/usr/lib64;/apps/skylake/software/mpi/gcc/7.3.0/openmpi/3.0.0/mpi4py/3.0.0-python-3.6.4/lib;/apps/skylake/software/mpi/gcc/7.3.0/openmpi/3.0.0/hdf5/1.10.1/lib;/apps/skylake/software/SQLite/3.21.0-gnu-2018.1/lib;/apps/skylake/software/mpi/gcc/7.3.0/openmpi/3.0.0/scalapack/2.0.2-openblas-0.2.20/lib;/apps/skylake/software/mpi/gcc/7.3.0/openmpi/3.0.0/fftw/3.3.7/lib;/apps/skylake/software/OpenMPI/3.0.0-GCC-7.3.0/lib;/apps/skylake/software/compiler/gcc/7.3.0/gsl/2.4/lib;/apps/skylake/software/compiler/gcc/7.3.0/python/3.6.4/lib;/apps/skylake/software/compiler/gcc/7.3.0/openblas/0.2.20/lib;/apps/skylake/software/core/szip/2.1.1/lib;/apps/skylake/software/core/binutils/2.30/lib;/apps/skylake/software/core/gcccore/7.3.0/lib;/apps/slurm/latest/lib]
  implicit fwks: []




Detecting C [-std=c11] compiler features compiled with the following output:
Change Dir: /fred/oz025/yqin/bitbucket/meraxes/src/CMakeFiles/CMakeTmp

Run Build Command:"/usr/bin/gmake" "cmTC_a8863/fast"
/usr/bin/gmake -f CMakeFiles/cmTC_a8863.dir/build.make CMakeFiles/cmTC_a8863.dir/build
gmake[1]: Entering directory `/fred/oz025/yqin/bitbucket/meraxes/src/CMakeFiles/CMakeTmp'
Building C object CMakeFiles/cmTC_a8863.dir/feature_tests.c.o
/apps/skylake/software/core/gcccore/7.3.0/bin/cc   -std=c11 -o CMakeFiles/cmTC_a8863.dir/feature_tests.c.o   -c /fred/oz025/yqin/bitbucket/meraxes/src/CMakeFiles/feature_tests.c
Linking C executable cmTC_a8863
/fred/oz113/yqin/3rd_party/lib/python3.6/site-packages/cmake/data/bin/cmake -E cmake_link_script CMakeFiles/cmTC_a8863.dir/link.txt --verbose=1
/apps/skylake/software/core/gcccore/7.3.0/bin/cc      CMakeFiles/cmTC_a8863.dir/feature_tests.c.o  -o cmTC_a8863 
gmake[1]: Leaving directory `/fred/oz025/yqin/bitbucket/meraxes/src/CMakeFiles/CMakeTmp'


    Feature record: C_FEATURE:1c_function_prototypes
    Feature record: C_FEATURE:1c_restrict
    Feature record: C_FEATURE:1c_static_assert
    Feature record: C_FEATURE:1c_variadic_macros


Detecting C [-std=c99] compiler features compiled with the following output:
Change Dir: /fred/oz025/yqin/bitbucket/meraxes/src/CMakeFiles/CMakeTmp

Run Build Command:"/usr/bin/gmake" "cmTC_5c978/fast"
/usr/bin/gmake -f CMakeFiles/cmTC_5c978.dir/build.make CMakeFiles/cmTC_5c978.dir/build
gmake[1]: Entering directory `/fred/oz025/yqin/bitbucket/meraxes/src/CMakeFiles/CMakeTmp'
Building C object CMakeFiles/cmTC_5c978.dir/feature_tests.c.o
/apps/skylake/software/core/gcccore/7.3.0/bin/cc   -std=c99 -o CMakeFiles/cmTC_5c978.dir/feature_tests.c.o   -c /fred/oz025/yqin/bitbucket/meraxes/src/CMakeFiles/feature_tests.c
Linking C executable cmTC_5c978
/fred/oz113/yqin/3rd_party/lib/python3.6/site-packages/cmake/data/bin/cmake -E cmake_link_script CMakeFiles/cmTC_5c978.dir/link.txt --verbose=1
/apps/skylake/software/core/gcccore/7.3.0/bin/cc      CMakeFiles/cmTC_5c978.dir/feature_tests.c.o  -o cmTC_5c978 
gmake[1]: Leaving directory `/fred/oz025/yqin/bitbucket/meraxes/src/CMakeFiles/CMakeTmp'


    Feature record: C_FEATURE:1c_function_prototypes
    Feature record: C_FEATURE:1c_restrict
    Feature record: C_FEATURE:0c_static_assert
    Feature record: C_FEATURE:1c_variadic_macros


Detecting C [-std=c90] compiler features compiled with the following output:
Change Dir: /fred/oz025/yqin/bitbucket/meraxes/src/CMakeFiles/CMakeTmp

Run Build Command:"/usr/bin/gmake" "cmTC_90ed1/fast"
/usr/bin/gmake -f CMakeFiles/cmTC_90ed1.dir/build.make CMakeFiles/cmTC_90ed1.dir/build
gmake[1]: Entering directory `/fred/oz025/yqin/bitbucket/meraxes/src/CMakeFiles/CMakeTmp'
Building C object CMakeFiles/cmTC_90ed1.dir/feature_tests.c.o
/apps/skylake/software/core/gcccore/7.3.0/bin/cc   -std=c90 -o CMakeFiles/cmTC_90ed1.dir/feature_tests.c.o   -c /fred/oz025/yqin/bitbucket/meraxes/src/CMakeFiles/feature_tests.c
Linking C executable cmTC_90ed1
/fred/oz113/yqin/3rd_party/lib/python3.6/site-packages/cmake/data/bin/cmake -E cmake_link_script CMakeFiles/cmTC_90ed1.dir/link.txt --verbose=1
/apps/skylake/software/core/gcccore/7.3.0/bin/cc      CMakeFiles/cmTC_90ed1.dir/feature_tests.c.o  -o cmTC_90ed1 
gmake[1]: Leaving directory `/fred/oz025/yqin/bitbucket/meraxes/src/CMakeFiles/CMakeTmp'


    Feature record: C_FEATURE:1c_function_prototypes
    Feature record: C_FEATURE:0c_restrict
    Feature record: C_FEATURE:0c_static_assert
    Feature record: C_FEATURE:0c_variadic_macros
Determining if the CXX compiler works passed with the following output:
Change Dir: /fred/oz025/yqin/bitbucket/meraxes/src/CMakeFiles/CMakeTmp

Run Build Command:"/usr/bin/gmake" "cmTC_a5bbd/fast"
/usr/bin/gmake -f CMakeFiles/cmTC_a5bbd.dir/build.make CMakeFiles/cmTC_a5bbd.dir/build
gmake[1]: Entering directory `/fred/oz025/yqin/bitbucket/meraxes/src/CMakeFiles/CMakeTmp'
Building CXX object CMakeFiles/cmTC_a5bbd.dir/testCXXCompiler.cxx.o
/apps/skylake/software/core/gcccore/7.3.0/bin/c++     -o CMakeFiles/cmTC_a5bbd.dir/testCXXCompiler.cxx.o -c /fred/oz025/yqin/bitbucket/meraxes/src/CMakeFiles/CMakeTmp/testCXXCompiler.cxx
Linking CXX executable cmTC_a5bbd
/fred/oz113/yqin/3rd_party/lib/python3.6/site-packages/cmake/data/bin/cmake -E cmake_link_script CMakeFiles/cmTC_a5bbd.dir/link.txt --verbose=1
/apps/skylake/software/core/gcccore/7.3.0/bin/c++       CMakeFiles/cmTC_a5bbd.dir/testCXXCompiler.cxx.o  -o cmTC_a5bbd 
gmake[1]: Leaving directory `/fred/oz025/yqin/bitbucket/meraxes/src/CMakeFiles/CMakeTmp'


Detecting CXX compiler ABI info compiled with the following output:
Change Dir: /fred/oz025/yqin/bitbucket/meraxes/src/CMakeFiles/CMakeTmp

Run Build Command:"/usr/bin/gmake" "cmTC_0092d/fast"
/usr/bin/gmake -f CMakeFiles/cmTC_0092d.dir/build.make CMakeFiles/cmTC_0092d.dir/build
gmake[1]: Entering directory `/fred/oz025/yqin/bitbucket/meraxes/src/CMakeFiles/CMakeTmp'
Building CXX object CMakeFiles/cmTC_0092d.dir/CMakeCXXCompilerABI.cpp.o
/apps/skylake/software/core/gcccore/7.3.0/bin/c++     -o CMakeFiles/cmTC_0092d.dir/CMakeCXXCompilerABI.cpp.o -c /fred/oz113/yqin/3rd_party/lib/python3.6/site-packages/cmake/data/share/cmake-3.13/Modules/CMakeCXXCompilerABI.cpp
Linking CXX executable cmTC_0092d
/fred/oz113/yqin/3rd_party/lib/python3.6/site-packages/cmake/data/bin/cmake -E cmake_link_script CMakeFiles/cmTC_0092d.dir/link.txt --verbose=1
/apps/skylake/software/core/gcccore/7.3.0/bin/c++      -v CMakeFiles/cmTC_0092d.dir/CMakeCXXCompilerABI.cpp.o  -o cmTC_0092d 
Using built-in specs.
COLLECT_GCC=/apps/skylake/software/core/gcccore/7.3.0/bin/c++
COLLECT_LTO_WRAPPER=/apps/skylake/software/core/gcccore/7.3.0/libexec/gcc/x86_64-pc-linux-gnu/7.3.0/lto-wrapper
Target: x86_64-pc-linux-gnu
Configured with: ../configure --enable-languages=c,c++,fortran --enable-lto --enable-checking=release --disable-multilib --enable-shared=yes --enable-static=yes --enable-threads=posix --enable-gold=default --enable-plugins --enable-ld --with-plugin-ld=ld.gold --prefix=/apps/skylake/software/core/gcccore/7.3.0 --with-local-prefix=/apps/skylake/software/core/gcccore/7.3.0 --enable-bootstrap --with-isl=/dev/shm/easybuild/GCCcore/7.3.0/dummy-/gcc-7.3.0/stage2_stuff
Thread model: posix
gcc version 7.3.0 (GCC) 
COMPILER_PATH=/apps/skylake/software/core/gcccore/7.3.0/libexec/gcc/x86_64-pc-linux-gnu/7.3.0/:/apps/skylake/software/core/gcccore/7.3.0/libexec/gcc/x86_64-pc-linux-gnu/7.3.0/:/apps/skylake/software/core/gcccore/7.3.0/libexec/gcc/x86_64-pc-linux-gnu/:/apps/skylake/software/core/gcccore/7.3.0/lib/gcc/x86_64-pc-linux-gnu/7.3.0/:/apps/skylake/software/core/gcccore/7.3.0/lib/gcc/x86_64-pc-linux-gnu/
LIBRARY_PATH=/apps/skylake/software/core/git/2.16.0/lib64/../lib64/:/apps/skylake/software/core/gcccore/7.3.0/lib64/../lib64/:/apps/skylake/software/core/gcccore/7.3.0/lib/../lib64/:/opt/nvidia/latest/usr/lib64/../lib64/:/apps/skylake/software/core/gcccore/7.3.0/lib/gcc/x86_64-pc-linux-gnu/7.3.0/:/apps/skylake/software/core/gcccore/7.3.0/lib/gcc/x86_64-pc-linux-gnu/7.3.0/../../../../lib64/:/lib/../lib64/:/usr/lib/../lib64/:/apps/skylake/software/mpi/gcc/7.3.0/openmpi/3.0.0/mpi4py/3.0.0-python-3.6.4/lib/:/apps/skylake/software/mpi/gcc/7.3.0/openmpi/3.0.0/hdf5/1.10.1/lib/:/apps/skylake/software/SQLite/3.21.0-gnu-2018.1/lib/:/apps/skylake/software/mpi/gcc/7.3.0/openmpi/3.0.0/scalapack/2.0.2-openblas-0.2.20/lib/:/apps/skylake/software/mpi/gcc/7.3.0/openmpi/3.0.0/fftw/3.3.7/lib/:/apps/skylake/software/OpenMPI/3.0.0-GCC-7.3.0/lib/:/apps/skylake/software/compiler/gcc/7.3.0/gsl/2.4/lib/:/apps/skylake/software/compiler/gcc/7.3.0/python/3.6.4/lib/:/apps/skylake/software/compiler/gcc/7.3.0/openblas/0.2.20/lib/:/apps/skylake/software/core/git/2.16.0/lib64/:/apps/skylake/software/core/szip/2.1.1/lib/:/apps/skylake/software/core/binutils/2.30/lib/:/apps/skylake/software/core/gcccore/7.3.0/lib64/:/apps/skylake/software/core/gcccore/7.3.0/lib/:/apps/slurm/latest/lib/:/opt/nvidia/latest/usr/lib64/:/apps/skylake/software/core/gcccore/7.3.0/lib/gcc/x86_64-pc-linux-gnu/7.3.0/../../../:/lib/:/usr/lib/
COLLECT_GCC_OPTIONS='-v' '-o' 'cmTC_0092d' '-shared-libgcc' '-mtune=generic' '-march=x86-64'
 /apps/skylake/software/core/gcccore/7.3.0/libexec/gcc/x86_64-pc-linux-gnu/7.3.0/collect2 -plugin /apps/skylake/software/core/gcccore/7.3.0/libexec/gcc/x86_64-pc-linux-gnu/7.3.0/liblto_plugin.so -plugin-opt=/apps/skylake/software/core/gcccore/7.3.0/libexec/gcc/x86_64-pc-linux-gnu/7.3.0/lto-wrapper -plugin-opt=-fresolution=/tmp/ccm2d1Kn.res -plugin-opt=-pass-through=-lgcc_s -plugin-opt=-pass-through=-lgcc -plugin-opt=-pass-through=-lc -plugin-opt=-pass-through=-lgcc_s -plugin-opt=-pass-through=-lgcc --eh-frame-hdr -m elf_x86_64 -dynamic-linker /lib64/ld-linux-x86-64.so.2 -o cmTC_0092d /lib/../lib64/crt1.o /lib/../lib64/crti.o /apps/skylake/software/core/gcccore/7.3.0/lib/gcc/x86_64-pc-linux-gnu/7.3.0/crtbegin.o -L/apps/skylake/software/core/git/2.16.0/lib64/../lib64 -L/apps/skylake/software/core/gcccore/7.3.0/lib64/../lib64 -L/apps/skylake/software/core/gcccore/7.3.0/lib/../lib64 -L/opt/nvidia/latest/usr/lib64/../lib64 -L/apps/skylake/software/core/gcccore/7.3.0/lib/gcc/x86_64-pc-linux-gnu/7.3.0 -L/apps/skylake/software/core/gcccore/7.3.0/lib/gcc/x86_64-pc-linux-gnu/7.3.0/../../../../lib64 -L/lib/../lib64 -L/usr/lib/../lib64 -L/apps/skylake/software/mpi/gcc/7.3.0/openmpi/3.0.0/mpi4py/3.0.0-python-3.6.4/lib -L/apps/skylake/software/mpi/gcc/7.3.0/openmpi/3.0.0/hdf5/1.10.1/lib -L/apps/skylake/software/SQLite/3.21.0-gnu-2018.1/lib -L/apps/skylake/software/mpi/gcc/7.3.0/openmpi/3.0.0/scalapack/2.0.2-openblas-0.2.20/lib -L/apps/skylake/software/mpi/gcc/7.3.0/openmpi/3.0.0/fftw/3.3.7/lib -L/apps/skylake/software/OpenMPI/3.0.0-GCC-7.3.0/lib -L/apps/skylake/software/compiler/gcc/7.3.0/gsl/2.4/lib -L/apps/skylake/software/compiler/gcc/7.3.0/python/3.6.4/lib -L/apps/skylake/software/compiler/gcc/7.3.0/openblas/0.2.20/lib -L/apps/skylake/software/core/git/2.16.0/lib64 -L/apps/skylake/software/core/szip/2.1.1/lib -L/apps/skylake/software/core/binutils/2.30/lib -L/apps/skylake/software/core/gcccore/7.3.0/lib64 -L/apps/skylake/software/core/gcccore/7.3.0/lib -L/apps/slurm/latest/lib -L/opt/nvidia/latest/usr/lib64 -L/apps/skylake/software/core/gcccore/7.3.0/lib/gcc/x86_64-pc-linux-gnu/7.3.0/../../.. CMakeFiles/cmTC_0092d.dir/CMakeCXXCompilerABI.cpp.o -lstdc++ -lm -lgcc_s -lgcc -lc -lgcc_s -lgcc /apps/skylake/software/core/gcccore/7.3.0/lib/gcc/x86_64-pc-linux-gnu/7.3.0/crtend.o /lib/../lib64/crtn.o
COLLECT_GCC_OPTIONS='-v' '-o' 'cmTC_0092d' '-shared-libgcc' '-mtune=generic' '-march=x86-64'
gmake[1]: Leaving directory `/fred/oz025/yqin/bitbucket/meraxes/src/CMakeFiles/CMakeTmp'


Parsed CXX implicit link information from above output:
  link line regex: [^( *|.*[/\])(ld|CMAKE_LINK_STARTFILE-NOTFOUND|([^/\]+-)?ld|collect2)[^/\]*( |$)]
  ignore line: [Change Dir: /fred/oz025/yqin/bitbucket/meraxes/src/CMakeFiles/CMakeTmp]
  ignore line: []
  ignore line: [Run Build Command:"/usr/bin/gmake" "cmTC_0092d/fast"]
  ignore line: [/usr/bin/gmake -f CMakeFiles/cmTC_0092d.dir/build.make CMakeFiles/cmTC_0092d.dir/build]
  ignore line: [gmake[1]: Entering directory `/fred/oz025/yqin/bitbucket/meraxes/src/CMakeFiles/CMakeTmp']
  ignore line: [Building CXX object CMakeFiles/cmTC_0092d.dir/CMakeCXXCompilerABI.cpp.o]
  ignore line: [/apps/skylake/software/core/gcccore/7.3.0/bin/c++     -o CMakeFiles/cmTC_0092d.dir/CMakeCXXCompilerABI.cpp.o -c /fred/oz113/yqin/3rd_party/lib/python3.6/site-packages/cmake/data/share/cmake-3.13/Modules/CMakeCXXCompilerABI.cpp]
  ignore line: [Linking CXX executable cmTC_0092d]
  ignore line: [/fred/oz113/yqin/3rd_party/lib/python3.6/site-packages/cmake/data/bin/cmake -E cmake_link_script CMakeFiles/cmTC_0092d.dir/link.txt --verbose=1]
  ignore line: [/apps/skylake/software/core/gcccore/7.3.0/bin/c++      -v CMakeFiles/cmTC_0092d.dir/CMakeCXXCompilerABI.cpp.o  -o cmTC_0092d ]
  ignore line: [Using built-in specs.]
  ignore line: [COLLECT_GCC=/apps/skylake/software/core/gcccore/7.3.0/bin/c++]
  ignore line: [COLLECT_LTO_WRAPPER=/apps/skylake/software/core/gcccore/7.3.0/libexec/gcc/x86_64-pc-linux-gnu/7.3.0/lto-wrapper]
  ignore line: [Target: x86_64-pc-linux-gnu]
  ignore line: [Configured with: ../configure --enable-languages=c,c++,fortran --enable-lto --enable-checking=release --disable-multilib --enable-shared=yes --enable-static=yes --enable-threads=posix --enable-gold=default --enable-plugins --enable-ld --with-plugin-ld=ld.gold --prefix=/apps/skylake/software/core/gcccore/7.3.0 --with-local-prefix=/apps/skylake/software/core/gcccore/7.3.0 --enable-bootstrap --with-isl=/dev/shm/easybuild/GCCcore/7.3.0/dummy-/gcc-7.3.0/stage2_stuff]
  ignore line: [Thread model: posix]
  ignore line: [gcc version 7.3.0 (GCC) ]
  ignore line: [COMPILER_PATH=/apps/skylake/software/core/gcccore/7.3.0/libexec/gcc/x86_64-pc-linux-gnu/7.3.0/:/apps/skylake/software/core/gcccore/7.3.0/libexec/gcc/x86_64-pc-linux-gnu/7.3.0/:/apps/skylake/software/core/gcccore/7.3.0/libexec/gcc/x86_64-pc-linux-gnu/:/apps/skylake/software/core/gcccore/7.3.0/lib/gcc/x86_64-pc-linux-gnu/7.3.0/:/apps/skylake/software/core/gcccore/7.3.0/lib/gcc/x86_64-pc-linux-gnu/]
  ignore line: [LIBRARY_PATH=/apps/skylake/software/core/git/2.16.0/lib64/../lib64/:/apps/skylake/software/core/gcccore/7.3.0/lib64/../lib64/:/apps/skylake/software/core/gcccore/7.3.0/lib/../lib64/:/opt/nvidia/latest/usr/lib64/../lib64/:/apps/skylake/software/core/gcccore/7.3.0/lib/gcc/x86_64-pc-linux-gnu/7.3.0/:/apps/skylake/software/core/gcccore/7.3.0/lib/gcc/x86_64-pc-linux-gnu/7.3.0/../../../../lib64/:/lib/../lib64/:/usr/lib/../lib64/:/apps/skylake/software/mpi/gcc/7.3.0/openmpi/3.0.0/mpi4py/3.0.0-python-3.6.4/lib/:/apps/skylake/software/mpi/gcc/7.3.0/openmpi/3.0.0/hdf5/1.10.1/lib/:/apps/skylake/software/SQLite/3.21.0-gnu-2018.1/lib/:/apps/skylake/software/mpi/gcc/7.3.0/openmpi/3.0.0/scalapack/2.0.2-openblas-0.2.20/lib/:/apps/skylake/software/mpi/gcc/7.3.0/openmpi/3.0.0/fftw/3.3.7/lib/:/apps/skylake/software/OpenMPI/3.0.0-GCC-7.3.0/lib/:/apps/skylake/software/compiler/gcc/7.3.0/gsl/2.4/lib/:/apps/skylake/software/compiler/gcc/7.3.0/python/3.6.4/lib/:/apps/skylake/software/compiler/gcc/7.3.0/openblas/0.2.20/lib/:/apps/skylake/software/core/git/2.16.0/lib64/:/apps/skylake/software/core/szip/2.1.1/lib/:/apps/skylake/software/core/binutils/2.30/lib/:/apps/skylake/software/core/gcccore/7.3.0/lib64/:/apps/skylake/software/core/gcccore/7.3.0/lib/:/apps/slurm/latest/lib/:/opt/nvidia/latest/usr/lib64/:/apps/skylake/software/core/gcccore/7.3.0/lib/gcc/x86_64-pc-linux-gnu/7.3.0/../../../:/lib/:/usr/lib/]
  ignore line: [COLLECT_GCC_OPTIONS='-v' '-o' 'cmTC_0092d' '-shared-libgcc' '-mtune=generic' '-march=x86-64']
  link line: [ /apps/skylake/software/core/gcccore/7.3.0/libexec/gcc/x86_64-pc-linux-gnu/7.3.0/collect2 -plugin /apps/skylake/software/core/gcccore/7.3.0/libexec/gcc/x86_64-pc-linux-gnu/7.3.0/liblto_plugin.so -plugin-opt=/apps/skylake/software/core/gcccore/7.3.0/libexec/gcc/x86_64-pc-linux-gnu/7.3.0/lto-wrapper -plugin-opt=-fresolution=/tmp/ccm2d1Kn.res -plugin-opt=-pass-through=-lgcc_s -plugin-opt=-pass-through=-lgcc -plugin-opt=-pass-through=-lc -plugin-opt=-pass-through=-lgcc_s -plugin-opt=-pass-through=-lgcc --eh-frame-hdr -m elf_x86_64 -dynamic-linker /lib64/ld-linux-x86-64.so.2 -o cmTC_0092d /lib/../lib64/crt1.o /lib/../lib64/crti.o /apps/skylake/software/core/gcccore/7.3.0/lib/gcc/x86_64-pc-linux-gnu/7.3.0/crtbegin.o -L/apps/skylake/software/core/git/2.16.0/lib64/../lib64 -L/apps/skylake/software/core/gcccore/7.3.0/lib64/../lib64 -L/apps/skylake/software/core/gcccore/7.3.0/lib/../lib64 -L/opt/nvidia/latest/usr/lib64/../lib64 -L/apps/skylake/software/core/gcccore/7.3.0/lib/gcc/x86_64-pc-linux-gnu/7.3.0 -L/apps/skylake/software/core/gcccore/7.3.0/lib/gcc/x86_64-pc-linux-gnu/7.3.0/../../../../lib64 -L/lib/../lib64 -L/usr/lib/../lib64 -L/apps/skylake/software/mpi/gcc/7.3.0/openmpi/3.0.0/mpi4py/3.0.0-python-3.6.4/lib -L/apps/skylake/software/mpi/gcc/7.3.0/openmpi/3.0.0/hdf5/1.10.1/lib -L/apps/skylake/software/SQLite/3.21.0-gnu-2018.1/lib -L/apps/skylake/software/mpi/gcc/7.3.0/openmpi/3.0.0/scalapack/2.0.2-openblas-0.2.20/lib -L/apps/skylake/software/mpi/gcc/7.3.0/openmpi/3.0.0/fftw/3.3.7/lib -L/apps/skylake/software/OpenMPI/3.0.0-GCC-7.3.0/lib -L/apps/skylake/software/compiler/gcc/7.3.0/gsl/2.4/lib -L/apps/skylake/software/compiler/gcc/7.3.0/python/3.6.4/lib -L/apps/skylake/software/compiler/gcc/7.3.0/openblas/0.2.20/lib -L/apps/skylake/software/core/git/2.16.0/lib64 -L/apps/skylake/software/core/szip/2.1.1/lib -L/apps/skylake/software/core/binutils/2.30/lib -L/apps/skylake/software/core/gcccore/7.3.0/lib64 -L/apps/skylake/software/core/gcccore/7.3.0/lib -L/apps/slurm/latest/lib -L/opt/nvidia/latest/usr/lib64 -L/apps/skylake/software/core/gcccore/7.3.0/lib/gcc/x86_64-pc-linux-gnu/7.3.0/../../.. CMakeFiles/cmTC_0092d.dir/CMakeCXXCompilerABI.cpp.o -lstdc++ -lm -lgcc_s -lgcc -lc -lgcc_s -lgcc /apps/skylake/software/core/gcccore/7.3.0/lib/gcc/x86_64-pc-linux-gnu/7.3.0/crtend.o /lib/../lib64/crtn.o]
    arg [/apps/skylake/software/core/gcccore/7.3.0/libexec/gcc/x86_64-pc-linux-gnu/7.3.0/collect2] ==> ignore
    arg [-plugin] ==> ignore
    arg [/apps/skylake/software/core/gcccore/7.3.0/libexec/gcc/x86_64-pc-linux-gnu/7.3.0/liblto_plugin.so] ==> ignore
    arg [-plugin-opt=/apps/skylake/software/core/gcccore/7.3.0/libexec/gcc/x86_64-pc-linux-gnu/7.3.0/lto-wrapper] ==> ignore
    arg [-plugin-opt=-fresolution=/tmp/ccm2d1Kn.res] ==> ignore
    arg [-plugin-opt=-pass-through=-lgcc_s] ==> ignore
    arg [-plugin-opt=-pass-through=-lgcc] ==> ignore
    arg [-plugin-opt=-pass-through=-lc] ==> ignore
    arg [-plugin-opt=-pass-through=-lgcc_s] ==> ignore
    arg [-plugin-opt=-pass-through=-lgcc] ==> ignore
    arg [--eh-frame-hdr] ==> ignore
    arg [-m] ==> ignore
    arg [elf_x86_64] ==> ignore
    arg [-dynamic-linker] ==> ignore
    arg [/lib64/ld-linux-x86-64.so.2] ==> ignore
    arg [-o] ==> ignore
    arg [cmTC_0092d] ==> ignore
    arg [/lib/../lib64/crt1.o] ==> ignore
    arg [/lib/../lib64/crti.o] ==> ignore
    arg [/apps/skylake/software/core/gcccore/7.3.0/lib/gcc/x86_64-pc-linux-gnu/7.3.0/crtbegin.o] ==> ignore
    arg [-L/apps/skylake/software/core/git/2.16.0/lib64/../lib64] ==> dir [/apps/skylake/software/core/git/2.16.0/lib64/../lib64]
    arg [-L/apps/skylake/software/core/gcccore/7.3.0/lib64/../lib64] ==> dir [/apps/skylake/software/core/gcccore/7.3.0/lib64/../lib64]
    arg [-L/apps/skylake/software/core/gcccore/7.3.0/lib/../lib64] ==> dir [/apps/skylake/software/core/gcccore/7.3.0/lib/../lib64]
    arg [-L/opt/nvidia/latest/usr/lib64/../lib64] ==> dir [/opt/nvidia/latest/usr/lib64/../lib64]
    arg [-L/apps/skylake/software/core/gcccore/7.3.0/lib/gcc/x86_64-pc-linux-gnu/7.3.0] ==> dir [/apps/skylake/software/core/gcccore/7.3.0/lib/gcc/x86_64-pc-linux-gnu/7.3.0]
    arg [-L/apps/skylake/software/core/gcccore/7.3.0/lib/gcc/x86_64-pc-linux-gnu/7.3.0/../../../../lib64] ==> dir [/apps/skylake/software/core/gcccore/7.3.0/lib/gcc/x86_64-pc-linux-gnu/7.3.0/../../../../lib64]
    arg [-L/lib/../lib64] ==> dir [/lib/../lib64]
    arg [-L/usr/lib/../lib64] ==> dir [/usr/lib/../lib64]
    arg [-L/apps/skylake/software/mpi/gcc/7.3.0/openmpi/3.0.0/mpi4py/3.0.0-python-3.6.4/lib] ==> dir [/apps/skylake/software/mpi/gcc/7.3.0/openmpi/3.0.0/mpi4py/3.0.0-python-3.6.4/lib]
    arg [-L/apps/skylake/software/mpi/gcc/7.3.0/openmpi/3.0.0/hdf5/1.10.1/lib] ==> dir [/apps/skylake/software/mpi/gcc/7.3.0/openmpi/3.0.0/hdf5/1.10.1/lib]
    arg [-L/apps/skylake/software/SQLite/3.21.0-gnu-2018.1/lib] ==> dir [/apps/skylake/software/SQLite/3.21.0-gnu-2018.1/lib]
    arg [-L/apps/skylake/software/mpi/gcc/7.3.0/openmpi/3.0.0/scalapack/2.0.2-openblas-0.2.20/lib] ==> dir [/apps/skylake/software/mpi/gcc/7.3.0/openmpi/3.0.0/scalapack/2.0.2-openblas-0.2.20/lib]
    arg [-L/apps/skylake/software/mpi/gcc/7.3.0/openmpi/3.0.0/fftw/3.3.7/lib] ==> dir [/apps/skylake/software/mpi/gcc/7.3.0/openmpi/3.0.0/fftw/3.3.7/lib]
    arg [-L/apps/skylake/software/OpenMPI/3.0.0-GCC-7.3.0/lib] ==> dir [/apps/skylake/software/OpenMPI/3.0.0-GCC-7.3.0/lib]
    arg [-L/apps/skylake/software/compiler/gcc/7.3.0/gsl/2.4/lib] ==> dir [/apps/skylake/software/compiler/gcc/7.3.0/gsl/2.4/lib]
    arg [-L/apps/skylake/software/compiler/gcc/7.3.0/python/3.6.4/lib] ==> dir [/apps/skylake/software/compiler/gcc/7.3.0/python/3.6.4/lib]
    arg [-L/apps/skylake/software/compiler/gcc/7.3.0/openblas/0.2.20/lib] ==> dir [/apps/skylake/software/compiler/gcc/7.3.0/openblas/0.2.20/lib]
    arg [-L/apps/skylake/software/core/git/2.16.0/lib64] ==> dir [/apps/skylake/software/core/git/2.16.0/lib64]
    arg [-L/apps/skylake/software/core/szip/2.1.1/lib] ==> dir [/apps/skylake/software/core/szip/2.1.1/lib]
    arg [-L/apps/skylake/software/core/binutils/2.30/lib] ==> dir [/apps/skylake/software/core/binutils/2.30/lib]
    arg [-L/apps/skylake/software/core/gcccore/7.3.0/lib64] ==> dir [/apps/skylake/software/core/gcccore/7.3.0/lib64]
    arg [-L/apps/skylake/software/core/gcccore/7.3.0/lib] ==> dir [/apps/skylake/software/core/gcccore/7.3.0/lib]
    arg [-L/apps/slurm/latest/lib] ==> dir [/apps/slurm/latest/lib]
    arg [-L/opt/nvidia/latest/usr/lib64] ==> dir [/opt/nvidia/latest/usr/lib64]
    arg [-L/apps/skylake/software/core/gcccore/7.3.0/lib/gcc/x86_64-pc-linux-gnu/7.3.0/../../..] ==> dir [/apps/skylake/software/core/gcccore/7.3.0/lib/gcc/x86_64-pc-linux-gnu/7.3.0/../../..]
    arg [CMakeFiles/cmTC_0092d.dir/CMakeCXXCompilerABI.cpp.o] ==> ignore
    arg [-lstdc++] ==> lib [stdc++]
    arg [-lm] ==> lib [m]
    arg [-lgcc_s] ==> lib [gcc_s]
    arg [-lgcc] ==> lib [gcc]
    arg [-lc] ==> lib [c]
    arg [-lgcc_s] ==> lib [gcc_s]
    arg [-lgcc] ==> lib [gcc]
    arg [/apps/skylake/software/core/gcccore/7.3.0/lib/gcc/x86_64-pc-linux-gnu/7.3.0/crtend.o] ==> ignore
    arg [/lib/../lib64/crtn.o] ==> ignore
  collapse library dir [/apps/skylake/software/core/git/2.16.0/lib64/../lib64] ==> [/apps/skylake/software/core/git/2.16.0/lib64]
  collapse library dir [/apps/skylake/software/core/gcccore/7.3.0/lib64/../lib64] ==> [/apps/skylake/software/core/gcccore/7.3.0/lib64]
  collapse library dir [/apps/skylake/software/core/gcccore/7.3.0/lib/../lib64] ==> [/apps/skylake/software/core/gcccore/7.3.0/lib64]
  collapse library dir [/opt/nvidia/latest/usr/lib64/../lib64] ==> [/opt/nvidia/latest/usr/lib64]
  collapse library dir [/apps/skylake/software/core/gcccore/7.3.0/lib/gcc/x86_64-pc-linux-gnu/7.3.0] ==> [/apps/skylake/software/core/gcccore/7.3.0/lib/gcc/x86_64-pc-linux-gnu/7.3.0]
  collapse library dir [/apps/skylake/software/core/gcccore/7.3.0/lib/gcc/x86_64-pc-linux-gnu/7.3.0/../../../../lib64] ==> [/apps/skylake/software/core/gcccore/7.3.0/lib64]
  collapse library dir [/lib/../lib64] ==> [/lib64]
  collapse library dir [/usr/lib/../lib64] ==> [/usr/lib64]
  collapse library dir [/apps/skylake/software/mpi/gcc/7.3.0/openmpi/3.0.0/mpi4py/3.0.0-python-3.6.4/lib] ==> [/apps/skylake/software/mpi/gcc/7.3.0/openmpi/3.0.0/mpi4py/3.0.0-python-3.6.4/lib]
  collapse library dir [/apps/skylake/software/mpi/gcc/7.3.0/openmpi/3.0.0/hdf5/1.10.1/lib] ==> [/apps/skylake/software/mpi/gcc/7.3.0/openmpi/3.0.0/hdf5/1.10.1/lib]
  collapse library dir [/apps/skylake/software/SQLite/3.21.0-gnu-2018.1/lib] ==> [/apps/skylake/software/SQLite/3.21.0-gnu-2018.1/lib]
  collapse library dir [/apps/skylake/software/mpi/gcc/7.3.0/openmpi/3.0.0/scalapack/2.0.2-openblas-0.2.20/lib] ==> [/apps/skylake/software/mpi/gcc/7.3.0/openmpi/3.0.0/scalapack/2.0.2-openblas-0.2.20/lib]
  collapse library dir [/apps/skylake/software/mpi/gcc/7.3.0/openmpi/3.0.0/fftw/3.3.7/lib] ==> [/apps/skylake/software/mpi/gcc/7.3.0/openmpi/3.0.0/fftw/3.3.7/lib]
  collapse library dir [/apps/skylake/software/OpenMPI/3.0.0-GCC-7.3.0/lib] ==> [/apps/skylake/software/OpenMPI/3.0.0-GCC-7.3.0/lib]
  collapse library dir [/apps/skylake/software/compiler/gcc/7.3.0/gsl/2.4/lib] ==> [/apps/skylake/software/compiler/gcc/7.3.0/gsl/2.4/lib]
  collapse library dir [/apps/skylake/software/compiler/gcc/7.3.0/python/3.6.4/lib] ==> [/apps/skylake/software/compiler/gcc/7.3.0/python/3.6.4/lib]
  collapse library dir [/apps/skylake/software/compiler/gcc/7.3.0/openblas/0.2.20/lib] ==> [/apps/skylake/software/compiler/gcc/7.3.0/openblas/0.2.20/lib]
  collapse library dir [/apps/skylake/software/core/git/2.16.0/lib64] ==> [/apps/skylake/software/core/git/2.16.0/lib64]
  collapse library dir [/apps/skylake/software/core/szip/2.1.1/lib] ==> [/apps/skylake/software/core/szip/2.1.1/lib]
  collapse library dir [/apps/skylake/software/core/binutils/2.30/lib] ==> [/apps/skylake/software/core/binutils/2.30/lib]
  collapse library dir [/apps/skylake/software/core/gcccore/7.3.0/lib64] ==> [/apps/skylake/software/core/gcccore/7.3.0/lib64]
  collapse library dir [/apps/skylake/software/core/gcccore/7.3.0/lib] ==> [/apps/skylake/software/core/gcccore/7.3.0/lib]
  collapse library dir [/apps/slurm/latest/lib] ==> [/apps/slurm/latest/lib]
  collapse library dir [/opt/nvidia/latest/usr/lib64] ==> [/opt/nvidia/latest/usr/lib64]
  collapse library dir [/apps/skylake/software/core/gcccore/7.3.0/lib/gcc/x86_64-pc-linux-gnu/7.3.0/../../..] ==> [/apps/skylake/software/core/gcccore/7.3.0/lib]
  implicit libs: [stdc++;m;gcc_s;gcc;c;gcc_s;gcc]
  implicit dirs: [/apps/skylake/software/core/git/2.16.0/lib64;/apps/skylake/software/core/gcccore/7.3.0/lib64;/opt/nvidia/latest/usr/lib64;/apps/skylake/software/core/gcccore/7.3.0/lib/gcc/x86_64-pc-linux-gnu/7.3.0;/lib64;/usr/lib64;/apps/skylake/software/mpi/gcc/7.3.0/openmpi/3.0.0/mpi4py/3.0.0-python-3.6.4/lib;/apps/skylake/software/mpi/gcc/7.3.0/openmpi/3.0.0/hdf5/1.10.1/lib;/apps/skylake/software/SQLite/3.21.0-gnu-2018.1/lib;/apps/skylake/software/mpi/gcc/7.3.0/openmpi/3.0.0/scalapack/2.0.2-openblas-0.2.20/lib;/apps/skylake/software/mpi/gcc/7.3.0/openmpi/3.0.0/fftw/3.3.7/lib;/apps/skylake/software/OpenMPI/3.0.0-GCC-7.3.0/lib;/apps/skylake/software/compiler/gcc/7.3.0/gsl/2.4/lib;/apps/skylake/software/compiler/gcc/7.3.0/python/3.6.4/lib;/apps/skylake/software/compiler/gcc/7.3.0/openblas/0.2.20/lib;/apps/skylake/software/core/szip/2.1.1/lib;/apps/skylake/software/core/binutils/2.30/lib;/apps/skylake/software/core/gcccore/7.3.0/lib;/apps/slurm/latest/lib]
  implicit fwks: []




Detecting CXX [-std=c++1z] compiler features compiled with the following output:
Change Dir: /fred/oz025/yqin/bitbucket/meraxes/src/CMakeFiles/CMakeTmp

Run Build Command:"/usr/bin/gmake" "cmTC_06a5e/fast"
/usr/bin/gmake -f CMakeFiles/cmTC_06a5e.dir/build.make CMakeFiles/cmTC_06a5e.dir/build
gmake[1]: Entering directory `/fred/oz025/yqin/bitbucket/meraxes/src/CMakeFiles/CMakeTmp'
Building CXX object CMakeFiles/cmTC_06a5e.dir/feature_tests.cxx.o
/apps/skylake/software/core/gcccore/7.3.0/bin/c++    -std=c++1z -o CMakeFiles/cmTC_06a5e.dir/feature_tests.cxx.o -c /fred/oz025/yqin/bitbucket/meraxes/src/CMakeFiles/feature_tests.cxx
Linking CXX executable cmTC_06a5e
/fred/oz113/yqin/3rd_party/lib/python3.6/site-packages/cmake/data/bin/cmake -E cmake_link_script CMakeFiles/cmTC_06a5e.dir/link.txt --verbose=1
/apps/skylake/software/core/gcccore/7.3.0/bin/c++       CMakeFiles/cmTC_06a5e.dir/feature_tests.cxx.o  -o cmTC_06a5e 
gmake[1]: Leaving directory `/fred/oz025/yqin/bitbucket/meraxes/src/CMakeFiles/CMakeTmp'


    Feature record: CXX_FEATURE:1cxx_aggregate_default_initializers
    Feature record: CXX_FEATURE:1cxx_alias_templates
    Feature record: CXX_FEATURE:1cxx_alignas
    Feature record: CXX_FEATURE:1cxx_alignof
    Feature record: CXX_FEATURE:1cxx_attributes
    Feature record: CXX_FEATURE:1cxx_attribute_deprecated
    Feature record: CXX_FEATURE:1cxx_auto_type
    Feature record: CXX_FEATURE:1cxx_binary_literals
    Feature record: CXX_FEATURE:1cxx_constexpr
    Feature record: CXX_FEATURE:1cxx_contextual_conversions
    Feature record: CXX_FEATURE:1cxx_decltype
    Feature record: CXX_FEATURE:1cxx_decltype_auto
    Feature record: CXX_FEATURE:1cxx_decltype_incomplete_return_types
    Feature record: CXX_FEATURE:1cxx_default_function_template_args
    Feature record: CXX_FEATURE:1cxx_defaulted_functions
    Feature record: CXX_FEATURE:1cxx_defaulted_move_initializers
    Feature record: CXX_FEATURE:1cxx_delegating_constructors
    Feature record: CXX_FEATURE:1cxx_deleted_functions
    Feature record: CXX_FEATURE:1cxx_digit_separators
    Feature record: CXX_FEATURE:1cxx_enum_forward_declarations
    Feature record: CXX_FEATURE:1cxx_explicit_conversions
    Feature record: CXX_FEATURE:1cxx_extended_friend_declarations
    Feature record: CXX_FEATURE:1cxx_extern_templates
    Feature record: CXX_FEATURE:1cxx_final
    Feature record: CXX_FEATURE:1cxx_func_identifier
    Feature record: CXX_FEATURE:1cxx_generalized_initializers
    Feature record: CXX_FEATURE:1cxx_generic_lambdas
    Feature record: CXX_FEATURE:1cxx_inheriting_constructors
    Feature record: CXX_FEATURE:1cxx_inline_namespaces
    Feature record: CXX_FEATURE:1cxx_lambdas
    Feature record: CXX_FEATURE:1cxx_lambda_init_captures
    Feature record: CXX_FEATURE:1cxx_local_type_template_args
    Feature record: CXX_FEATURE:1cxx_long_long_type
    Feature record: CXX_FEATURE:1cxx_noexcept
    Feature record: CXX_FEATURE:1cxx_nonstatic_member_init
    Feature record: CXX_FEATURE:1cxx_nullptr
    Feature record: CXX_FEATURE:1cxx_override
    Feature record: CXX_FEATURE:1cxx_range_for
    Feature record: CXX_FEATURE:1cxx_raw_string_literals
    Feature record: CXX_FEATURE:1cxx_reference_qualified_functions
    Feature record: CXX_FEATURE:1cxx_relaxed_constexpr
    Feature record: CXX_FEATURE:1cxx_return_type_deduction
    Feature record: CXX_FEATURE:1cxx_right_angle_brackets
    Feature record: CXX_FEATURE:1cxx_rvalue_references
    Feature record: CXX_FEATURE:1cxx_sizeof_member
    Feature record: CXX_FEATURE:1cxx_static_assert
    Feature record: CXX_FEATURE:1cxx_strong_enums
    Feature record: CXX_FEATURE:1cxx_template_template_parameters
    Feature record: CXX_FEATURE:1cxx_thread_local
    Feature record: CXX_FEATURE:1cxx_trailing_return_types
    Feature record: CXX_FEATURE:1cxx_unicode_literals
    Feature record: CXX_FEATURE:1cxx_uniform_initialization
    Feature record: CXX_FEATURE:1cxx_unrestricted_unions
    Feature record: CXX_FEATURE:1cxx_user_literals
    Feature record: CXX_FEATURE:1cxx_variable_templates
    Feature record: CXX_FEATURE:1cxx_variadic_macros
    Feature record: CXX_FEATURE:1cxx_variadic_templates


Detecting CXX [-std=c++14] compiler features compiled with the following output:
Change Dir: /fred/oz025/yqin/bitbucket/meraxes/src/CMakeFiles/CMakeTmp

Run Build Command:"/usr/bin/gmake" "cmTC_1c855/fast"
/usr/bin/gmake -f CMakeFiles/cmTC_1c855.dir/build.make CMakeFiles/cmTC_1c855.dir/build
gmake[1]: Entering directory `/fred/oz025/yqin/bitbucket/meraxes/src/CMakeFiles/CMakeTmp'
Building CXX object CMakeFiles/cmTC_1c855.dir/feature_tests.cxx.o
/apps/skylake/software/core/gcccore/7.3.0/bin/c++    -std=c++14 -o CMakeFiles/cmTC_1c855.dir/feature_tests.cxx.o -c /fred/oz025/yqin/bitbucket/meraxes/src/CMakeFiles/feature_tests.cxx
Linking CXX executable cmTC_1c855
/fred/oz113/yqin/3rd_party/lib/python3.6/site-packages/cmake/data/bin/cmake -E cmake_link_script CMakeFiles/cmTC_1c855.dir/link.txt --verbose=1
/apps/skylake/software/core/gcccore/7.3.0/bin/c++       CMakeFiles/cmTC_1c855.dir/feature_tests.cxx.o  -o cmTC_1c855 
gmake[1]: Leaving directory `/fred/oz025/yqin/bitbucket/meraxes/src/CMakeFiles/CMakeTmp'


    Feature record: CXX_FEATURE:1cxx_aggregate_default_initializers
    Feature record: CXX_FEATURE:1cxx_alias_templates
    Feature record: CXX_FEATURE:1cxx_alignas
    Feature record: CXX_FEATURE:1cxx_alignof
    Feature record: CXX_FEATURE:1cxx_attributes
    Feature record: CXX_FEATURE:1cxx_attribute_deprecated
    Feature record: CXX_FEATURE:1cxx_auto_type
    Feature record: CXX_FEATURE:1cxx_binary_literals
    Feature record: CXX_FEATURE:1cxx_constexpr
    Feature record: CXX_FEATURE:1cxx_contextual_conversions
    Feature record: CXX_FEATURE:1cxx_decltype
    Feature record: CXX_FEATURE:1cxx_decltype_auto
    Feature record: CXX_FEATURE:1cxx_decltype_incomplete_return_types
    Feature record: CXX_FEATURE:1cxx_default_function_template_args
    Feature record: CXX_FEATURE:1cxx_defaulted_functions
    Feature record: CXX_FEATURE:1cxx_defaulted_move_initializers
    Feature record: CXX_FEATURE:1cxx_delegating_constructors
    Feature record: CXX_FEATURE:1cxx_deleted_functions
    Feature record: CXX_FEATURE:1cxx_digit_separators
    Feature record: CXX_FEATURE:1cxx_enum_forward_declarations
    Feature record: CXX_FEATURE:1cxx_explicit_conversions
    Feature record: CXX_FEATURE:1cxx_extended_friend_declarations
    Feature record: CXX_FEATURE:1cxx_extern_templates
    Feature record: CXX_FEATURE:1cxx_final
    Feature record: CXX_FEATURE:1cxx_func_identifier
    Feature record: CXX_FEATURE:1cxx_generalized_initializers
    Feature record: CXX_FEATURE:1cxx_generic_lambdas
    Feature record: CXX_FEATURE:1cxx_inheriting_constructors
    Feature record: CXX_FEATURE:1cxx_inline_namespaces
    Feature record: CXX_FEATURE:1cxx_lambdas
    Feature record: CXX_FEATURE:1cxx_lambda_init_captures
    Feature record: CXX_FEATURE:1cxx_local_type_template_args
    Feature record: CXX_FEATURE:1cxx_long_long_type
    Feature record: CXX_FEATURE:1cxx_noexcept
    Feature record: CXX_FEATURE:1cxx_nonstatic_member_init
    Feature record: CXX_FEATURE:1cxx_nullptr
    Feature record: CXX_FEATURE:1cxx_override
    Feature record: CXX_FEATURE:1cxx_range_for
    Feature record: CXX_FEATURE:1cxx_raw_string_literals
    Feature record: CXX_FEATURE:1cxx_reference_qualified_functions
    Feature record: CXX_FEATURE:1cxx_relaxed_constexpr
    Feature record: CXX_FEATURE:1cxx_return_type_deduction
    Feature record: CXX_FEATURE:1cxx_right_angle_brackets
    Feature record: CXX_FEATURE:1cxx_rvalue_references
    Feature record: CXX_FEATURE:1cxx_sizeof_member
    Feature record: CXX_FEATURE:1cxx_static_assert
    Feature record: CXX_FEATURE:1cxx_strong_enums
    Feature record: CXX_FEATURE:1cxx_template_template_parameters
    Feature record: CXX_FEATURE:1cxx_thread_local
    Feature record: CXX_FEATURE:1cxx_trailing_return_types
    Feature record: CXX_FEATURE:1cxx_unicode_literals
    Feature record: CXX_FEATURE:1cxx_uniform_initialization
    Feature record: CXX_FEATURE:1cxx_unrestricted_unions
    Feature record: CXX_FEATURE:1cxx_user_literals
    Feature record: CXX_FEATURE:1cxx_variable_templates
    Feature record: CXX_FEATURE:1cxx_variadic_macros
    Feature record: CXX_FEATURE:1cxx_variadic_templates


Detecting CXX [-std=c++11] compiler features compiled with the following output:
Change Dir: /fred/oz025/yqin/bitbucket/meraxes/src/CMakeFiles/CMakeTmp

Run Build Command:"/usr/bin/gmake" "cmTC_45f02/fast"
/usr/bin/gmake -f CMakeFiles/cmTC_45f02.dir/build.make CMakeFiles/cmTC_45f02.dir/build
gmake[1]: Entering directory `/fred/oz025/yqin/bitbucket/meraxes/src/CMakeFiles/CMakeTmp'
Building CXX object CMakeFiles/cmTC_45f02.dir/feature_tests.cxx.o
/apps/skylake/software/core/gcccore/7.3.0/bin/c++    -std=c++11 -o CMakeFiles/cmTC_45f02.dir/feature_tests.cxx.o -c /fred/oz025/yqin/bitbucket/meraxes/src/CMakeFiles/feature_tests.cxx
Linking CXX executable cmTC_45f02
/fred/oz113/yqin/3rd_party/lib/python3.6/site-packages/cmake/data/bin/cmake -E cmake_link_script CMakeFiles/cmTC_45f02.dir/link.txt --verbose=1
/apps/skylake/software/core/gcccore/7.3.0/bin/c++       CMakeFiles/cmTC_45f02.dir/feature_tests.cxx.o  -o cmTC_45f02 
gmake[1]: Leaving directory `/fred/oz025/yqin/bitbucket/meraxes/src/CMakeFiles/CMakeTmp'


    Feature record: CXX_FEATURE:0cxx_aggregate_default_initializers
    Feature record: CXX_FEATURE:1cxx_alias_templates
    Feature record: CXX_FEATURE:1cxx_alignas
    Feature record: CXX_FEATURE:1cxx_alignof
    Feature record: CXX_FEATURE:1cxx_attributes
    Feature record: CXX_FEATURE:0cxx_attribute_deprecated
    Feature record: CXX_FEATURE:1cxx_auto_type
    Feature record: CXX_FEATURE:0cxx_binary_literals
    Feature record: CXX_FEATURE:1cxx_constexpr
    Feature record: CXX_FEATURE:0cxx_contextual_conversions
    Feature record: CXX_FEATURE:1cxx_decltype
    Feature record: CXX_FEATURE:0cxx_decltype_auto
    Feature record: CXX_FEATURE:1cxx_decltype_incomplete_return_types
    Feature record: CXX_FEATURE:1cxx_default_function_template_args
    Feature record: CXX_FEATURE:1cxx_defaulted_functions
    Feature record: CXX_FEATURE:1cxx_defaulted_move_initializers
    Feature record: CXX_FEATURE:1cxx_delegating_constructors
    Feature record: CXX_FEATURE:1cxx_deleted_functions
    Feature record: CXX_FEATURE:0cxx_digit_separators
    Feature record: CXX_FEATURE:1cxx_enum_forward_declarations
    Feature record: CXX_FEATURE:1cxx_explicit_conversions
    Feature record: CXX_FEATURE:1cxx_extended_friend_declarations
    Feature record: CXX_FEATURE:1cxx_extern_templates
    Feature record: CXX_FEATURE:1cxx_final
    Feature record: CXX_FEATURE:1cxx_func_identifier
    Feature record: CXX_FEATURE:1cxx_generalized_initializers
    Feature record: CXX_FEATURE:0cxx_generic_lambdas
    Feature record: CXX_FEATURE:1cxx_inheriting_constructors
    Feature record: CXX_FEATURE:1cxx_inline_namespaces
    Feature record: CXX_FEATURE:1cxx_lambdas
    Feature record: CXX_FEATURE:0cxx_lambda_init_captures
    Feature record: CXX_FEATURE:1cxx_local_type_template_args
    Feature record: CXX_FEATURE:1cxx_long_long_type
    Feature record: CXX_FEATURE:1cxx_noexcept
    Feature record: CXX_FEATURE:1cxx_nonstatic_member_init
    Feature record: CXX_FEATURE:1cxx_nullptr
    Feature record: CXX_FEATURE:1cxx_override
    Feature record: CXX_FEATURE:1cxx_range_for
    Feature record: CXX_FEATURE:1cxx_raw_string_literals
    Feature record: CXX_FEATURE:1cxx_reference_qualified_functions
    Feature record: CXX_FEATURE:0cxx_relaxed_constexpr
    Feature record: CXX_FEATURE:0cxx_return_type_deduction
    Feature record: CXX_FEATURE:1cxx_right_angle_brackets
    Feature record: CXX_FEATURE:1cxx_rvalue_references
    Feature record: CXX_FEATURE:1cxx_sizeof_member
    Feature record: CXX_FEATURE:1cxx_static_assert
    Feature record: CXX_FEATURE:1cxx_strong_enums
    Feature record: CXX_FEATURE:1cxx_template_template_parameters
    Feature record: CXX_FEATURE:1cxx_thread_local
    Feature record: CXX_FEATURE:1cxx_trailing_return_types
    Feature record: CXX_FEATURE:1cxx_unicode_literals
    Feature record: CXX_FEATURE:1cxx_uniform_initialization
    Feature record: CXX_FEATURE:1cxx_unrestricted_unions
    Feature record: CXX_FEATURE:1cxx_user_literals
    Feature record: CXX_FEATURE:0cxx_variable_templates
    Feature record: CXX_FEATURE:1cxx_variadic_macros
    Feature record: CXX_FEATURE:1cxx_variadic_templates


Detecting CXX [-std=c++98] compiler features compiled with the following output:
Change Dir: /fred/oz025/yqin/bitbucket/meraxes/src/CMakeFiles/CMakeTmp

Run Build Command:"/usr/bin/gmake" "cmTC_a920a/fast"
/usr/bin/gmake -f CMakeFiles/cmTC_a920a.dir/build.make CMakeFiles/cmTC_a920a.dir/build
gmake[1]: Entering directory `/fred/oz025/yqin/bitbucket/meraxes/src/CMakeFiles/CMakeTmp'
Building CXX object CMakeFiles/cmTC_a920a.dir/feature_tests.cxx.o
/apps/skylake/software/core/gcccore/7.3.0/bin/c++    -std=c++98 -o CMakeFiles/cmTC_a920a.dir/feature_tests.cxx.o -c /fred/oz025/yqin/bitbucket/meraxes/src/CMakeFiles/feature_tests.cxx
Linking CXX executable cmTC_a920a
/fred/oz113/yqin/3rd_party/lib/python3.6/site-packages/cmake/data/bin/cmake -E cmake_link_script CMakeFiles/cmTC_a920a.dir/link.txt --verbose=1
/apps/skylake/software/core/gcccore/7.3.0/bin/c++       CMakeFiles/cmTC_a920a.dir/feature_tests.cxx.o  -o cmTC_a920a 
gmake[1]: Leaving directory `/fred/oz025/yqin/bitbucket/meraxes/src/CMakeFiles/CMakeTmp'


    Feature record: CXX_FEATURE:0cxx_aggregate_default_initializers
    Feature record: CXX_FEATURE:0cxx_alias_templates
    Feature record: CXX_FEATURE:0cxx_alignas
    Feature record: CXX_FEATURE:0cxx_alignof
    Feature record: CXX_FEATURE:0cxx_attributes
    Feature record: CXX_FEATURE:0cxx_attribute_deprecated
    Feature record: CXX_FEATURE:0cxx_auto_type
    Feature record: CXX_FEATURE:0cxx_binary_literals
    Feature record: CXX_FEATURE:0cxx_constexpr
    Feature record: CXX_FEATURE:0cxx_contextual_conversions
    Feature record: CXX_FEATURE:0cxx_decltype
    Feature record: CXX_FEATURE:0cxx_decltype_auto
    Feature record: CXX_FEATURE:0cxx_decltype_incomplete_return_types
    Feature record: CXX_FEATURE:0cxx_default_function_template_args
    Feature record: CXX_FEATURE:0cxx_defaulted_functions
    Feature record: CXX_FEATURE:0cxx_defaulted_move_initializers
    Feature record: CXX_FEATURE:0cxx_delegating_constructors
    Feature record: CXX_FEATURE:0cxx_deleted_functions
    Feature record: CXX_FEATURE:0cxx_digit_separators
    Feature record: CXX_FEATURE:0cxx_enum_forward_declarations
    Feature record: CXX_FEATURE:0cxx_explicit_conversions
    Feature record: CXX_FEATURE:0cxx_extended_friend_declarations
    Feature record: CXX_FEATURE:0cxx_extern_templates
    Feature record: CXX_FEATURE:0cxx_final
    Feature record: CXX_FEATURE:0cxx_func_identifier
    Feature record: CXX_FEATURE:0cxx_generalized_initializers
    Feature record: CXX_FEATURE:0cxx_generic_lambdas
    Feature record: CXX_FEATURE:0cxx_inheriting_constructors
    Feature record: CXX_FEATURE:0cxx_inline_namespaces
    Feature record: CXX_FEATURE:0cxx_lambdas
    Feature record: CXX_FEATURE:0cxx_lambda_init_captures
    Feature record: CXX_FEATURE:0cxx_local_type_template_args
    Feature record: CXX_FEATURE:0cxx_long_long_type
    Feature record: CXX_FEATURE:0cxx_noexcept
    Feature record: CXX_FEATURE:0cxx_nonstatic_member_init
    Feature record: CXX_FEATURE:0cxx_nullptr
    Feature record: CXX_FEATURE:0cxx_override
    Feature record: CXX_FEATURE:0cxx_range_for
    Feature record: CXX_FEATURE:0cxx_raw_string_literals
    Feature record: CXX_FEATURE:0cxx_reference_qualified_functions
    Feature record: CXX_FEATURE:0cxx_relaxed_constexpr
    Feature record: CXX_FEATURE:0cxx_return_type_deduction
    Feature record: CXX_FEATURE:0cxx_right_angle_brackets
    Feature record: CXX_FEATURE:0cxx_rvalue_references
    Feature record: CXX_FEATURE:0cxx_sizeof_member
    Feature record: CXX_FEATURE:0cxx_static_assert
    Feature record: CXX_FEATURE:0cxx_strong_enums
    Feature record: CXX_FEATURE:1cxx_template_template_parameters
    Feature record: CXX_FEATURE:0cxx_thread_local
    Feature record: CXX_FEATURE:0cxx_trailing_return_types
    Feature record: CXX_FEATURE:0cxx_unicode_literals
    Feature record: CXX_FEATURE:0cxx_uniform_initialization
    Feature record: CXX_FEATURE:0cxx_unrestricted_unions
    Feature record: CXX_FEATURE:0cxx_user_literals
    Feature record: CXX_FEATURE:0cxx_variable_templates
    Feature record: CXX_FEATURE:0cxx_variadic_macros
    Feature record: CXX_FEATURE:0cxx_variadic_templates
